Arguments: 
  C:\Program Files\nodejs\node.exe C:\Users\CHRISTIAN\AppData\Roaming\npm\node_modules\yarn\bin\yarn.js init

PATH: 
  C:\Users\CHRISTIAN\bin;C:\Program Files\Git\mingw64\bin;C:\Program Files\Git\usr\local\bin;C:\Program Files\Git\usr\bin;C:\Program Files\Git\usr\bin;C:\Program Files\Git\mingw64\bin;C:\Program Files\Git\usr\bin;C:\Users\CHRISTIAN\bin;C:\Windows\system32;C:\Windows;C:\Windows\System32\Wbem;C:\Windows\System32\WindowsPowerShell\v1.0;C:\Windows\System32\OpenSSH;C:\Program Files (x86)\NVIDIA Corporation\PhysX\Common;C:\Program Files\NVIDIA Corporation\NVIDIA NvDLISR;C:\Program Files\Git\cmd;C:\Program Files\nodejs;C:\Users\CHRISTIAN\AppData\Local\Yarn\bin;C:\Program Files\MySQL\MySQL Shell 8.0\bin;C:\Users\CHRISTIAN\AppData\Local\Programs\Python\Python39\Scripts;C:\Users\CHRISTIAN\AppData\Local\Programs\Python\Python39;C:\Users\CHRISTIAN\AppData\Local\Microsoft\WindowsApps;C:\Users\CHRISTIAN\AppData\Local\Programs\Microsoft VS Code\bin;C:\Users\CHRISTIAN\AppData\Local\GitHubDesktop\bin;C:\Users\CHRISTIAN\AppData\Roaming\npm;C:\Program Files\heroku\bin;C:\Program Files\PostgreSQL\13\bin;C:\Program Files\Git\usr\bin\vendor_perl;C:\Program Files\Git\usr\bin\core_perl

Yarn version: 
  1.22.15

Node version: 
  14.17.3

Platform: 
  win32 x64

Trace: 
  Error: canceled
      at Interface.<anonymous> (C:\Users\CHRISTIAN\AppData\Roaming\npm\node_modules\yarn\lib\cli.js:137145:13)
      at Interface.emit (events.js:375:28)
      at Interface._ttyWrite (readline.js:910:16)
      at ReadStream.onkeypress (readline.js:235:10)
      at ReadStream.emit (events.js:375:28)
      at emitKeys (internal/readline/utils.js:358:14)
      at emitKeys.next (<anonymous>)
      at ReadStream.onData (readline.js:1179:36)
      at ReadStream.emit (events.js:375:28)
      at addChunk (internal/streams/readable.js:290:12)

npm manifest: 
  No manifest

yarn manifest: 
  No manifest

Lockfile: 
  No lockfile
